\BOOKMARK [0][-]{chapter.1}{party Directory Hierarchy}{}
\BOOKMARK [1][-]{section.1.1}{party Directories}{chapter.1}
\BOOKMARK [0][-]{chapter.2}{party File Index}{}
\BOOKMARK [1][-]{section.2.1}{party File List}{chapter.2}
\BOOKMARK [0][-]{chapter.3}{party Page Index}{}
\BOOKMARK [1][-]{section.3.1}{party Related Pages}{chapter.3}
\BOOKMARK [0][-]{chapter.4}{party Directory Documentation}{}
\BOOKMARK [1][-]{section.4.1}{src/ Directory Reference}{chapter.4}
\BOOKMARK [0][-]{chapter.5}{party File Documentation}{}
\BOOKMARK [1][-]{section.5.1}{Classes.c File Reference}{chapter.5}
\BOOKMARK [1][-]{section.5.2}{Classes.h File Reference}{chapter.5}
\BOOKMARK [1][-]{section.5.3}{Convenience.c File Reference}{chapter.5}
\BOOKMARK [1][-]{section.5.4}{Convenience.h File Reference}{chapter.5}
\BOOKMARK [1][-]{section.5.5}{Distributions.c File Reference}{chapter.5}
\BOOKMARK [1][-]{section.5.6}{Distributions.h File Reference}{chapter.5}
\BOOKMARK [1][-]{section.5.7}{IndependenceTest.c File Reference}{chapter.5}
\BOOKMARK [1][-]{section.5.8}{IndependenceTest.h File Reference}{chapter.5}
\BOOKMARK [1][-]{section.5.9}{LinearStatistic.c File Reference}{chapter.5}
\BOOKMARK [1][-]{section.5.10}{LinearStatistic.h File Reference}{chapter.5}
\BOOKMARK [1][-]{section.5.11}{mvt.h File Reference}{chapter.5}
\BOOKMARK [1][-]{section.5.12}{Node.c File Reference}{chapter.5}
\BOOKMARK [1][-]{section.5.13}{Node.h File Reference}{chapter.5}
\BOOKMARK [1][-]{section.5.14}{party.h File Reference}{chapter.5}
\BOOKMARK [1][-]{section.5.15}{Predict.c File Reference}{chapter.5}
\BOOKMARK [1][-]{section.5.16}{Predict.h File Reference}{chapter.5}
\BOOKMARK [1][-]{section.5.17}{RandomForest.c File Reference}{chapter.5}
\BOOKMARK [1][-]{section.5.18}{S3Classes.c File Reference}{chapter.5}
\BOOKMARK [1][-]{section.5.19}{S3Classes.h File Reference}{chapter.5}
\BOOKMARK [1][-]{section.5.20}{Splits.c File Reference}{chapter.5}
\BOOKMARK [1][-]{section.5.21}{Splits.h File Reference}{chapter.5}
\BOOKMARK [1][-]{section.5.22}{SurrogateSplits.c File Reference}{chapter.5}
\BOOKMARK [1][-]{section.5.23}{SurrogateSplits.h File Reference}{chapter.5}
\BOOKMARK [1][-]{section.5.24}{TestStatistic.c File Reference}{chapter.5}
\BOOKMARK [1][-]{section.5.25}{TestStatistic.h File Reference}{chapter.5}
\BOOKMARK [1][-]{section.5.26}{TreeGrow.c File Reference}{chapter.5}
\BOOKMARK [1][-]{section.5.27}{TreeGrow.h File Reference}{chapter.5}
\BOOKMARK [1][-]{section.5.28}{Utils.c File Reference}{chapter.5}
\BOOKMARK [1][-]{section.5.29}{Utils.h File Reference}{chapter.5}
\BOOKMARK [0][-]{chapter.6}{party Page Documentation}{}
\BOOKMARK [1][-]{section.6.1}{Todo List}{chapter.6}
