This is pdfeTeXk, Version 3.14159-1.10b-2.1 (Web2C 7.4.5) (format=pdflatex 2006.2.6)  16 FEB 2006 17:28
entering extended mode
 file:line:error style messages enabled.
**\nonstopmode \input /home/hothorn/projects/cvs/Rpkgs/party/inst/doc/party.tex

(/home/hothorn/projects/cvs/Rpkgs/party/inst/doc/party.tex
(/home/hothorn/lib/texmf/tex/latex/Z.cls
Document Class: Z 2004/10/08 1.0 Z class by Achim Zeileis
(/usr/share/texmf/tex/latex/base/article.cls
Document Class: article 2001/04/21 v1.4e Standard LaTeX document class
(/usr/share/texmf/tex/latex/base/size10.clo
File: size10.clo 2001/04/21 v1.4e Standard LaTeX file (size option)
)
\c@part=\count79
\c@section=\count80
\c@subsection=\count81
\c@subsubsection=\count82
\c@paragraph=\count83
\c@subparagraph=\count84
\c@figure=\count85
\c@table=\count86
\abovecaptionskip=\skip41
\belowcaptionskip=\skip42
\bibindent=\dimen102
)
(/usr/share/texmf/tex/latex/graphics/graphicx.sty
Package: graphicx 1999/02/16 v1.0f Enhanced LaTeX Graphics (DPC,SPQR)

(/usr/share/texmf/tex/latex/graphics/keyval.sty
Package: keyval 1999/03/16 v1.13 key=value parser (DPC)
\KV@toks@=\toks14
)
(/usr/share/texmf/tex/latex/graphics/graphics.sty
Package: graphics 2001/07/07 v1.0n Standard LaTeX Graphics (DPC,SPQR)

(/usr/share/texmf/tex/latex/graphics/trig.sty
Package: trig 1999/03/16 v1.09 sin cos tan (DPC)
)
(/usr/share/texmf/tex/latex/config/graphics.cfg
File: graphics.cfg 2001/08/31 v1.1 graphics configuration of teTeX/TeXLive
)
Package graphics Info: Driver file: pdftex.def on input line 80.

(/usr/share/texmf/tex/latex/graphics/pdftex.def
File: pdftex.def 2002/06/19 v0.03k graphics/color for pdftex
\Gread@gobject=\count87
))
\Gin@req@height=\dimen103
\Gin@req@width=\dimen104
)
(/usr/share/texmf/tex/latex/misc/a4wide.sty
Package: a4wide 1994/08/30

(/usr/share/texmf/tex/latex/ntgclass/a4.sty
Package: a4 1999/03/03 v1.2f A4 based page layout
))
(/usr/share/texmf/tex/latex/graphics/color.sty
Package: color 1999/02/16 v1.0i Standard LaTeX Color (DPC)

(/usr/share/texmf/tex/latex/config/color.cfg
File: color.cfg 2001/08/31 v1.1 color configuration of teTeX/TeXLive
)
Package color Info: Driver file: pdftex.def on input line 125.
)
(/usr/share/texmf/tex/latex/hyperref/hyperref.sty
Package: hyperref 2003/01/22 v6.73n Hypertext links for LaTeX
\@linkdim=\dimen105
\Hy@linkcounter=\count88
\Hy@pagecounter=\count89

(/usr/share/texmf/tex/latex/hyperref/pd1enc.def
File: pd1enc.def 2003/01/22 v6.73n Hyperref: PDFDocEncoding definition (HO)
) (./hyperref.cfg
Package hyperref Info: Option `hyperindex' set `true' on input line 11.
Package hyperref Info: Option `colorlinks' set `true' on input line 11.
Package hyperref Info: Option `linktocpage' set `true' on input line 11.
Package hyperref Info: Option `plainpages' set `false' on input line 11.
)
Package hyperref Info: Hyper figures OFF on input line 1792.
Package hyperref Info: Link nesting OFF on input line 1797.
Package hyperref Info: Hyper index ON on input line 1800.
Package hyperref Info: Plain pages OFF on input line 1807.
Package hyperref Info: Backreferencing OFF on input line 1812.

Implicit mode ON; LaTeX internals redefined
Package hyperref Info: Bookmarks ON on input line 1916.
(/usr/share/texmf/tex/latex/misc/url.sty
\Urlmuskip=\muskip10
Package: url 1999/03/28  ver 1.5x  Verb mode for urls, etc.
)
LaTeX Info: Redefining \url on input line 2055.
\Fld@menulength=\count90
\Field@Width=\dimen106
\Fld@charsize=\dimen107
\Choice@toks=\toks15
\Field@toks=\toks16
Package hyperref Info: Hyper figures OFF on input line 2513.
Package hyperref Info: Link nesting OFF on input line 2518.
Package hyperref Info: Hyper index ON on input line 2521.
Package hyperref Info: backreferencing OFF on input line 2528.
Package hyperref Info: Link coloring ON on input line 2531.
\c@Item=\count91
\c@Hfootnote=\count92
)
*hyperref using default driver hpdftex*
(/usr/share/texmf/tex/latex/hyperref/hpdftex.def
File: hpdftex.def 2003/01/22 v6.73n Hyperref driver for pdfTeX

(/usr/share/texmf/tex/latex/psnfss/pifont.sty
Package: pifont 2002/09/08 PSNFSS-v9.0a Pi font support (SPQR) 
LaTeX Font Info:    Try loading font information for U+pzd on input line 62.

(/usr/share/texmf/tex/latex/psnfss/upzd.fd
File: upzd.fd 2001/06/04 font definitions for U/pzd.
)
LaTeX Font Info:    Try loading font information for U+psy on input line 63.

(/usr/share/texmf/tex/latex/psnfss/upsy.fd
File: upsy.fd 2001/06/04 font definitions for U/psy.
))
\Fld@listcount=\count93
\@outlinefile=\write3
)
(/usr/share/texmf/tex/latex/ae/ae.sty
Package: ae 2001/02/12 1.3 Almost European Computer Modern

(/usr/share/texmf/tex/latex/base/fontenc.sty
Package: fontenc 2001/06/05 v1.94 Standard LaTeX package

(/usr/share/texmf/tex/latex/base/t1enc.def
File: t1enc.def 2001/06/05 v1.94 Standard LaTeX file
LaTeX Font Info:    Redeclaring font encoding T1 on input line 38.
)
LaTeX Font Info:    Try loading font information for T1+aer on input line 95.

(/usr/share/texmf/tex/latex/ae/t1aer.fd
File: t1aer.fd 1997/11/16 Font definitions for T1/aer.
)))
(/usr/share/texmf/tex/latex/fancyvrb/fancyvrb.sty
Package: fancyvrb 2000/03/21

Style option: `fancyvrb' v2.7, with DG/SPQR fixes <2000/03/21> (tvz)
\FV@CodeLineNo=\count94
\FV@InFile=\read1
\FV@TabBox=\box26
\c@FancyVerbLine=\count95
\FV@StepNumber=\count96
\FV@OutFile=\write4
)
(/usr/share/texmf/tex/generic/thumbpdf/thumbpdf.sty
Package: thumbpdf 2002/05/26 v3.2 Inclusion of thumbnails (HO)
\c@thumb=\count97
 (./party.tpt))
(/usr/share/texmf/tex/latex/base/fontenc.sty
Package: fontenc 2001/06/05 v1.94 Standard LaTeX package

(/usr/share/texmf/tex/latex/base/t1enc.def
File: t1enc.def 2001/06/05 v1.94 Standard LaTeX file
LaTeX Font Info:    Redeclaring font encoding T1 on input line 38.
))
(/usr/share/texmf/tex/latex/natbib/natbib.sty
Package: natbib 2000/07/24 7.0a (PWD)
\bibhang=\skip43
\bibsep=\skip44
LaTeX Info: Redefining \cite on input line 508.
\c@NAT@ctr=\count98
)
\preXLskip=\skip45
\preLskip=\skip46
\preMskip=\skip47
\preSskip=\skip48
\postMskip=\skip49
\postSskip=\skip50
Package color Info: Redefining color Red on input line 165.
Package color Info: Redefining color Blue on input line 166.


Package hyperref Warning: Option `hyperindex' has already been used,
(hyperref)                setting the option has no effect on input line 178.

Package hyperref Info: Option `colorlinks' set `true' on input line 178.
Package hyperref Info: Option `linktocpage' set `true' on input line 178.
Package hyperref Info: Option `plainpages' set `false' on input line 178.
) (/usr/share/texmf/tex/latex/amsmath/amstext.sty
Package: amstext 2000/06/29 v2.01

(/usr/share/texmf/tex/latex/amsmath/amsgen.sty
File: amsgen.sty 1999/11/30 v2.0
\@emptytoks=\toks17
\ex@=\dimen108
))
(/usr/share/texmf/tex/latex/amsfonts/amsfonts.sty
Package: amsfonts 2001/10/25 v2.2f
\symAMSa=\mathgroup4
\symAMSb=\mathgroup5
LaTeX Font Info:    Overwriting math alphabet `\mathfrak' in version `bold'
(Font)                  U/euf/m/n --> U/euf/b/n on input line 132.
)
(/usr/share/texmf/tex/latex/amsmath/amsmath.sty
Package: amsmath 2000/07/18 v2.13 AMS math features
\@mathmargin=\skip51

For additional information on amsmath, use the `?' option.
(/usr/share/texmf/tex/latex/amsmath/amsbsy.sty
Package: amsbsy 1999/11/29 v1.2d
\pmbraise@=\dimen109
)
(/usr/share/texmf/tex/latex/amsmath/amsopn.sty
Package: amsopn 1999/12/14 v2.01 operator names
)
\inf@bad=\count99
LaTeX Info: Redefining \frac on input line 211.
\uproot@=\count100
\leftroot@=\count101
LaTeX Info: Redefining \overline on input line 307.
\classnum@=\count102
\DOTSCASE@=\count103
LaTeX Info: Redefining \ldots on input line 379.
LaTeX Info: Redefining \dots on input line 382.
LaTeX Info: Redefining \cdots on input line 467.
\Mathstrutbox@=\box27
\strutbox@=\box28
\big@size=\dimen110
LaTeX Font Info:    Redeclaring font encoding OML on input line 567.
LaTeX Font Info:    Redeclaring font encoding OMS on input line 568.
\macc@depth=\count104
\c@MaxMatrixCols=\count105
\dotsspace@=\muskip11
\c@parentequation=\count106
\dspbrk@lvl=\count107
\tag@help=\toks18
\row@=\count108
\column@=\count109
\maxfields@=\count110
\andhelp@=\toks19
\eqnshift@=\dimen111
\alignsep@=\dimen112
\tagshift@=\dimen113
\tagwidth@=\dimen114
\totwidth@=\dimen115
\lineht@=\dimen116
\@envbody=\toks20
\multlinegap=\skip52
\multlinetaggap=\skip53
\mathdisplay@stack=\toks21
LaTeX Info: Redefining \[ on input line 2666.
LaTeX Info: Redefining \] on input line 2667.
)
(/usr/share/texmf/tex/latex/misc/rotating.sty
Package: rotating 1997/09/26, v2.13 Rotation package

(/usr/share/texmf/tex/latex/base/ifthen.sty
Package: ifthen 2001/05/26 v1.1c Standard LaTeX ifthen package (DPC)
)
\c@r@tfl@t=\count111
\rot@float@box=\box29
)
(/usr/local/lib/R/share/texmf/Sweave.sty

LaTeX Warning: You have requested package `/usr/local/lib/R/share/texmf/Sweave'
,
               but the package provides `Sweave'.

Package: Sweave 
(/usr/local/lib/R/share/texmf/upquote.sty
Package: upquote 2003/08/11 v1.1 Covington's upright-quote modification to verb
atim and verb

(/usr/share/texmf/tex/latex/base/textcomp.sty
Package: textcomp 2001/06/05 v1.94 Standard LaTeX package

(/usr/share/texmf/tex/latex/base/ts1enc.def
File: ts1enc.def 2001/06/05 v3.0e (jk/car/fm) Standard LaTeX file
)))
(/usr/share/texmf/tex/latex/base/fontenc.sty
Package: fontenc 2001/06/05 v1.94 Standard LaTeX package

(/usr/share/texmf/tex/latex/base/t1enc.def
File: t1enc.def 2001/06/05 v1.94 Standard LaTeX file
LaTeX Font Info:    Redeclaring font encoding T1 on input line 38.
))) (./party.aux)
\openout1 = `party.aux'.

LaTeX Font Info:    Checking defaults for OML/cmm/m/it on input line 93.
LaTeX Font Info:    ... okay on input line 93.
LaTeX Font Info:    Checking defaults for T1/cmr/m/n on input line 93.
LaTeX Font Info:    ... okay on input line 93.
LaTeX Font Info:    Checking defaults for OT1/cmr/m/n on input line 93.
LaTeX Font Info:    ... okay on input line 93.
LaTeX Font Info:    Checking defaults for OMS/cmsy/m/n on input line 93.
LaTeX Font Info:    ... okay on input line 93.
LaTeX Font Info:    Checking defaults for OMX/cmex/m/n on input line 93.
LaTeX Font Info:    ... okay on input line 93.
LaTeX Font Info:    Checking defaults for U/cmr/m/n on input line 93.
LaTeX Font Info:    ... okay on input line 93.
LaTeX Font Info:    Checking defaults for PD1/pdf/m/n on input line 93.
LaTeX Font Info:    ... okay on input line 93.
LaTeX Font Info:    Checking defaults for TS1/cmr/m/n on input line 93.
LaTeX Font Info:    Try loading font information for TS1+cmr on input line 93.

(/usr/share/texmf/tex/latex/base/ts1cmr.fd
File: ts1cmr.fd 1999/05/25 v2.5h Standard LaTeX font definitions
)
LaTeX Font Info:    ... okay on input line 93.

(/usr/share/texmf/tex/context/base/supp-pdf.tex
(/usr/share/texmf/tex/context/base/supp-mis.tex
loading : Context Support Macros / Missing
\protectiondepth=\count112
\scratchcounter=\count113
\scratchtoks=\toks22
\scratchdimen=\dimen117
\scratchskip=\skip54
\scratchmuskip=\muskip12
\scratchbox=\box30
\scratchread=\read2
\scratchwrite=\write5
\zeropoint=\dimen118
\minusone=\count114
\thousandpoint=\dimen119
\emptytoks=\toks23
\nextbox=\box31
\nextdepth=\dimen120
\everyline=\toks24
\!!counta=\count115
\!!countb=\count116
\recursecounter=\count117
)
loading : Context Support Macros / PDF
\nofMPsegments=\count118
\nofMParguments=\count119
\everyMPtoPDFconversion=\toks25
)
Package hyperref Info: Link coloring ON on input line 93.
 (/usr/share/texmf/tex/latex/hyperref/nameref.sty
Package: nameref 2001/01/27 v2.19 Cross-referencing by name of section
\c@section@level=\count120
)
LaTeX Info: Redefining \ref on input line 93.
LaTeX Info: Redefining \pageref on input line 93.
 (./party.out) (./party.out)
\openout3 = `party.out'.

LaTeX Font Info:    Try loading font information for U+msa on input line 93.
(/usr/share/texmf/tex/latex/amsfonts/umsa.fd
File: umsa.fd 2002/01/19 v2.2g AMS font definitions
)
LaTeX Font Info:    Try loading font information for U+msb on input line 93.

(/usr/share/texmf/tex/latex/amsfonts/umsb.fd
File: umsb.fd 2002/01/19 v2.2g AMS font definitions
)
LaTeX Font Info:    Try loading font information for T1+aett on input line 93.

(/usr/share/texmf/tex/latex/ae/t1aett.fd
File: t1aett.fd 1997/11/16 Font definitions for T1/aett.
) [1

{/var/lib/texmf/dvips/config/pdftex.map
Warning: pdflatex (file /var/lib/texmf/dvips/config/pdftex.map): entry for `cme
x7' already exists, duplicates ignored

Warning: pdflatex (file /var/lib/texmf/dvips/config/pdftex.map): entry for `cme
x8' already exists, duplicates ignored

Warning: pdflatex (file /var/lib/texmf/dvips/config/pdftex.map): entry for `cme
x9' already exists, duplicates ignored
}]
Overfull \hbox (1.44772pt too wide) in paragraph at lines 157--165
/aer10/where we re-strict our-selves to par-ti-tion based re-gres-sion re-la-ti
on-ships, i.e., $/cmmi10/r$ /aer10/dis-joint cells $/cmmi10/B[]; [] ; B[]$
 []


Overfull \hbox (5.0pt too wide) has occurred while \output is active
[]/aer10/2 []
 []

[2

]
Overfull \hbox (5.0pt too wide) has occurred while \output is active
[][] /aer10/3
 []

[3

]
Overfull \hbox (5.0pt too wide) has occurred while \output is active
[]/aer10/4 []
 []

[4]
Overfull \hbox (6.73415pt too wide) in paragraph at lines 419--428
/aer10/induces a two-sample statis-tic mea-sur-ing the dis-crep-ancy be-tween t
he sam-ples $/cmsy10/f/cmbx10/Y[]/cmsy10/j/cmmi10/w[] > /cmr10/0[]/cmmi10/X[] /
cmsy10/2
 []


Overfull \hbox (5.0pt too wide) has occurred while \output is active
[][] /aer10/5
 []

[5] <party-party-plot.pdf, id=232, 578.16pt x 361.35pt>
File: party-party-plot.pdf Graphic file (type pdf)

<use party-party-plot.pdf>
Overfull \hbox (5.0pt too wide) has occurred while \output is active
[]/aer10/6 []
 []

[6 <./party-party-plot.pdf>]
Overfull \hbox (5.0pt too wide) has occurred while \output is active
[][] /aer10/7
 []

[7]

Package hyperref Warning: Token not allowed in a PDFDocEncoded string,
(hyperref)                removing `math shift' on input line 625.


Package hyperref Warning: Token not allowed in a PDFDocEncoded string,
(hyperref)                removing `math shift' on input line 625.


Overfull \hbox (18.9695pt too wide) in paragraph at lines 627--634
[]/aer10/The nom-i-nal re-sponse vari-able at lev-els $/cmr10/1/cmmi10/; [] ; J
$ /aer10/is han-dled by in-flu-ence func-tions $/cmmi10/h/cmr10/(/cmbx10/Y[]/cm
mi10/; /cmr10/(/cmbx10/Y[]/cmmi10/; [] ; /cmbx10/Y[]/cmr10/)) =
 []


Overfull \hbox (5.0pt too wide) has occurred while \output is active
[]/aer10/8 []
 []

[8

] <party-treepipit-plot.pdf, id=270, 578.16pt x 361.35pt>
File: party-treepipit-plot.pdf Graphic file (type pdf)

<use party-treepipit-plot.pdf>
Overfull \hbox (5.0pt too wide) has occurred while \output is active
[][] /aer10/9
 []

[9] <party-glaucoma-plot.pdf, id=298, 722.7pt x 433.62pt>
File: party-glaucoma-plot.pdf Graphic file (type pdf)

<use party-glaucoma-plot.pdf>
<party-glaucoma-plot-inner.pdf, id=299, 722.7pt x 505.89pt>
File: party-glaucoma-plot-inner.pdf Graphic file (type pdf)

<use party-glaucoma-plot-inner.pdf>
<party-glaucoma-split-plot.pdf, id=300, 794.97pt x 289.08pt>
File: party-glaucoma-split-plot.pdf Graphic file (type pdf)

<use party-glaucoma-split-plot.pdf>
Overfull \hbox (10.0pt too wide) has occurred while \output is active
[]/aer10/10 []
 []

[10 <./party-treepipit-plot.pdf>]
Overfull \hbox (10.0pt too wide) has occurred while \output is active
[][] /aer10/11
 []

[11 <./party-glaucoma-plot.pdf> <./party-glaucoma-plot-inner.pdf>]
<party-glaucoma-classprob.pdf, id=339, 361.35pt x 289.08pt>
File: party-glaucoma-classprob.pdf Graphic file (type pdf)

<use party-glaucoma-classprob.pdf>
<party-GBSG2-plot.pdf, id=340, 722.7pt x 433.62pt>
File: party-GBSG2-plot.pdf Graphic file (type pdf)
 <use party-GBSG2-plot.pdf>
Overfull \hbox (10.0pt too wide) has occurred while \output is active
[]/aer10/12 []
 []

[12 <./party-glaucoma-split-plot.pdf>]
Overfull \hbox (10.0pt too wide) has occurred while \output is active
[][] /aer10/13
 []

[13 <./party-glaucoma-classprob.pdf>]
<party-mammo-plot.pdf, id=376, 578.16pt x 361.35pt>
File: party-mammo-plot.pdf Graphic file (type pdf)
 <use party-mammo-plot.pdf>
(./party.bbl
Overfull \hbox (10.0pt too wide) has occurred while \output is active
[]/aer10/14 []
 []

[14 <./party-GBSG2-plot.pdf>]
Overfull \hbox (10.0pt too wide) has occurred while \output is active
[][] /aer10/15
 []

[15 <./party-mammo-plot.pdf>])
Overfull \hbox (10.0pt too wide) has occurred while \output is active
[]/aer10/16 []
 []

[16] (./party.aux) ) 
Here is how much of TeX's memory you used:
 4961 strings out of 95257
 69865 string characters out of 1187588
 120445 words of memory out of 1000001
 7823 multiletter control sequences out of 10000+50000
 51164 words of font info for 109 fonts, out of 500000 for 1000
 20 hyphenation exceptions out of 1000
 35i,14n,34p,536b,315s stack positions out of 1500i,500n,5000p,200000b,5000s
 408 PDF objects out of 300000
 88 named destinations out of 131072
 246 words of extra memory for PDF output out of 65536
</usr/share/texmf/fonts/type1/bluesky/cm/cmmi12.pfb></usr/s
hare/texmf/fonts/type1/bluesky/cm/cmr5.pfb></usr/share/texmf/fonts/type1/bluesk
y/cm/cmmi5.pfb></usr/share/texmf/fonts/type1/bluesky/symbols/msbm10.pfb></usr/s
hare/texmf/fonts/type1/bluesky/cm/cmtt10.pfb></usr/share/texmf/fonts/type1/blue
sky/cm/cmsy7.pfb></usr/share/texmf/fonts/type1/bluesky/cm/cmsy5.pfb></usr/share
/texmf/fonts/type1/bluesky/cm/cmsltt10.pfb></usr/share/texmf/fonts/type1/bluesk
y/cm/cmex10.pfb></usr/share/texmf/fonts/type1/bluesky/cm/cmmi7.pfb></usr/share/
texmf/fonts/type1/bluesky/cm/cmr7.pfb></usr/share/texmf/fonts/type1/bluesky/cm/
cmsy10.pfb></usr/share/texmf/fonts/type1/bluesky/cm/cmmi10.pfb></usr/share/texm
f/fonts/type1/bluesky/cm/cmbx10.pfb></usr/share/texmf/fonts/type1/bluesky/cm/cm
sl10.pfb></usr/share/texmf/fonts/type1/bluesky/cm/cmti10.pfb></usr/share/texmf/
fonts/type1/bluesky/cm/cmtt9.pfb></usr/share/texmf/fonts/type1/bluesky/cm/cmr9.
pfb></usr/share/texmf/fonts/type1/bluesky/cm/cmbx9.pfb></usr/share/texmf/fonts/
type1/bluesky/cm/cmr10.pfb></usr/share/texmf/fonts/type1/bluesky/cm/cmbx12.pfb>
</usr/share/texmf/fonts/type1/bluesky/cm/cmb10.pfb>
Output written on party.pdf (16 pages, 383093 bytes).
